06/22/2024 02:11:36 AM: INFO: This is an info message
06/22/2024 02:11:36 AM: DEBUG: This is a debug message
06/22/2024 02:11:36 AM: ERROR: This is an error message
06/22/2024 02:12:10 AM: INFO: This is an info message
06/22/2024 02:12:10 AM: DEBUG: This is a debug message
06/22/2024 02:12:10 AM: ERROR: This is an error message
06/22/2024 02:13:00 AM: DEBUG: gdddddd
06/22/2024 02:13:13 AM: INFO: maximize page
06/22/2024 02:13:17 AM: DEBUG: $$$$Clicked on login with email and password$$$$$$$$$
06/23/2024 01:55:19 AM: DEBUG: gdddddd
06/23/2024 01:55:24 AM: INFO: maximize page
06/23/2024 01:55:27 AM: DEBUG: $$$$Clicked on login with email and password$$$$$$$$$
06/23/2024 02:14:50 AM: DEBUG: gdddddd
06/23/2024 02:14:55 AM: INFO: maximize page
06/23/2024 02:14:58 AM: DEBUG: $$$$Clicked on login with email and password$$$$$$$$$
06/23/2024 02:19:28 AM: DEBUG: gdddddd
06/23/2024 02:19:34 AM: INFO: maximize page
06/23/2024 02:19:37 AM: DEBUG: $$$$Clicked on login with email and password$$$$$$$$$
06/23/2024 02:21:26 AM: DEBUG: gdddddd
06/23/2024 02:21:31 AM: INFO: maximize page
06/23/2024 02:21:34 AM: DEBUG: $$$$Clicked on login with email and password$$$$$$$$$
06/23/2024 02:22:50 AM: DEBUG: gdddddd
06/23/2024 02:22:56 AM: INFO: maximize page
06/23/2024 02:22:59 AM: DEBUG: $$$$Clicked on login with email and password$$$$$$$$$
06/23/2024 02:25:37 AM: DEBUG: gdddddd
06/23/2024 02:25:43 AM: INFO: maximize page
06/23/2024 02:25:46 AM: DEBUG: $$$$Clicked on login with email and password$$$$$$$$$
06/24/2024 12:21:55 AM: DEBUG: gdddddd
06/24/2024 12:22:02 AM: INFO: maximize page
06/24/2024 12:22:05 AM: DEBUG: $$$$Clicked on login with email and password$$$$$$$$$
06/24/2024 12:24:53 AM: DEBUG: gdddddd
06/24/2024 12:24:58 AM: INFO: maximize page
06/24/2024 12:25:00 AM: DEBUG: $$$$Clicked on login with email and password$$$$$$$$$
06/24/2024 12:28:41 AM: DEBUG: gdddddd
06/24/2024 12:28:46 AM: INFO: maximize page
06/24/2024 12:28:50 AM: DEBUG: $$$$Clicked on login with email and password$$$$$$$$$
06/24/2024 12:29:28 AM: DEBUG: gdddddd
06/24/2024 12:29:34 AM: INFO: maximize page
06/24/2024 12:29:37 AM: DEBUG: $$$$Clicked on login with email and password$$$$$$$$$
06/24/2024 12:30:05 AM: DEBUG: gdddddd
06/24/2024 12:30:10 AM: INFO: maximize page
06/24/2024 12:30:13 AM: DEBUG: $$$$Clicked on login with email and password$$$$$$$$$
06/24/2024 12:44:00 AM: DEBUG: gdddddd
06/24/2024 12:46:45 AM: INFO: maximize page
06/24/2024 12:47:05 AM: DEBUG: gdddddd
06/24/2024 12:47:11 AM: INFO: maximize page
06/24/2024 12:47:14 AM: DEBUG: $$$$Clicked on login with email and password$$$$$$$$$
06/24/2024 01:04:39 AM: DEBUG: gdddddd
06/24/2024 01:04:49 AM: INFO: maximize page
06/24/2024 01:04:52 AM: DEBUG: $$$$Clicked on login with email and password$$$$$$$$$
06/24/2024 01:08:22 AM: DEBUG: gdddddd
06/24/2024 01:10:55 AM: DEBUG: gdddddd
06/24/2024 01:11:18 AM: DEBUG: gdddddd
06/24/2024 01:57:08 AM: DEBUG: gdddddd
06/24/2024 09:15:36 PM: DEBUG: gdddddd
06/24/2024 09:15:45 PM: INFO: maximize page
06/24/2024 09:15:48 PM: DEBUG: $$$$Clicked on login with email and password$$$$$$$$$
06/24/2024 09:17:04 PM: DEBUG: gdddddd
06/24/2024 09:17:11 PM: INFO: maximize page
06/24/2024 09:17:14 PM: DEBUG: $$$$Clicked on login with email and password$$$$$$$$$
06/24/2024 09:29:56 PM: DEBUG: gdddddd
06/24/2024 09:30:02 PM: INFO: maximize page
06/24/2024 09:30:05 PM: DEBUG: $$$$Clicked on login with email and password$$$$$$$$$
06/24/2024 09:54:25 PM: DEBUG: gdddddd
06/24/2024 09:54:35 PM: INFO: maximize page
06/24/2024 09:54:38 PM: DEBUG: $$$$Clicked on login with email and password$$$$$$$$$
06/24/2024 09:55:52 PM: DEBUG: gdddddd
06/24/2024 09:55:58 PM: INFO: maximize page
06/24/2024 09:56:01 PM: DEBUG: $$$$Clicked on login with email and password$$$$$$$$$
06/24/2024 10:06:29 PM: DEBUG: gdddddd
06/24/2024 10:06:35 PM: INFO: maximize page
06/24/2024 10:06:37 PM: DEBUG: $$$$Clicked on login with email and password$$$$$$$$$
06/24/2024 10:08:13 PM: DEBUG: gdddddd
06/24/2024 10:08:18 PM: INFO: maximize page
06/24/2024 10:08:20 PM: DEBUG: $$$$Clicked on login with email and password$$$$$$$$$
06/24/2024 10:23:28 PM: DEBUG: gdddddd
06/24/2024 10:23:30 PM: INFO: maximize page
06/24/2024 10:23:36 PM: DEBUG: $$$$Clicked on login with email and password$$$$$$$$$
06/24/2024 10:30:04 PM: DEBUG: gdddddd
06/24/2024 10:30:07 PM: INFO: maximize page
06/24/2024 10:30:15 PM: DEBUG: $$$$Clicked on login with email and password$$$$$$$$$
06/24/2024 10:30:46 PM: DEBUG: gdddddd
06/24/2024 10:30:53 PM: INFO: maximize page
06/24/2024 10:30:55 PM: DEBUG: $$$$Clicked on login with email and password$$$$$$$$$
06/25/2024 12:04:10 AM: DEBUG: gdddddd
06/25/2024 12:04:20 AM: INFO: maximize page
06/25/2024 12:04:23 AM: DEBUG: $$$$Clicked on login with email and password$$$$$$$$$
06/25/2024 01:49:23 AM: DEBUG: gdddddd
06/25/2024 01:49:34 AM: INFO: maximize page
06/25/2024 01:49:37 AM: DEBUG: $$$$Clicked on login with email and password$$$$$$$$$
06/25/2024 05:31:47 AM: DEBUG: sdgsdg
06/25/2024 11:44:59 AM: DEBUG: sdgsdg
06/25/2024 01:26:23 PM: DEBUG: sdgsdg
06/25/2024 01:27:41 PM: DEBUG: sdgsdg
06/25/2024 01:37:49 PM: DEBUG: sdgsdg
06/25/2024 01:39:03 PM: DEBUG: sdgsdg
06/25/2024 05:41:15 PM: DEBUG: sdgsdg
06/26/2024 02:00:52 AM: DEBUG: -----get navigation links------
06/26/2024 02:12:25 AM: DEBUG: -----get navigation links------
06/26/2024 02:14:00 AM: DEBUG: -----get navigation links------
06/26/2024 02:15:41 AM: DEBUG: -----get navigation links------
06/26/2024 02:16:49 AM: DEBUG: -----get navigation links------
06/26/2024 02:16:49 AM: ERROR: -----error----
06/26/2024 02:30:01 AM: DEBUG: gdddddd
06/26/2024 02:30:11 AM: INFO: maximize page
06/26/2024 02:30:14 AM: DEBUG: $$$$Clicked on login with email and password$$$$$$$$$
06/26/2024 02:33:37 AM: DEBUG: -----get navigation links------
06/26/2024 02:35:26 AM: INFO: This is an info message
06/26/2024 02:35:26 AM: DEBUG: This is a debug message
06/26/2024 02:35:26 AM: ERROR: This is an error message
06/26/2024 02:38:45 AM: DEBUG: gdddddd
06/26/2024 02:38:52 AM: INFO: maximize page
06/26/2024 02:38:55 AM: DEBUG: $$$$Clicked on login with email and password$$$$$$$$$
06/26/2024 02:39:12 AM: DEBUG: -----get navigation links------
06/26/2024 02:39:19 AM: INFO: This is an info message
06/26/2024 02:39:19 AM: DEBUG: This is a debug message
06/26/2024 02:39:19 AM: ERROR: This is an error message
06/26/2024 01:16:53 PM: DEBUG: -----get navigation links------
06/26/2024 01:16:53 PM: ERROR: -----error----
06/26/2024 01:19:21 PM: DEBUG: -----get navigation links------
06/26/2024 01:19:21 PM: ERROR: -----error----
06/26/2024 01:19:51 PM: DEBUG: -----get navigation links------
06/26/2024 01:19:51 PM: ERROR: -----error----
06/26/2024 01:35:13 PM: DEBUG: -----get navigation links------
06/26/2024 01:35:13 PM: ERROR: -----error----
06/26/2024 01:36:24 PM: DEBUG: -----get navigation links------
06/26/2024 01:36:24 PM: ERROR: -----error----
06/26/2024 01:41:13 PM: DEBUG: -----get navigation links------
06/26/2024 01:41:16 PM: ERROR: -----error----
06/26/2024 01:42:47 PM: DEBUG: -----get navigation links------
06/26/2024 01:42:51 PM: ERROR: -----error----
06/26/2024 04:34:47 PM: INFO: Extracted URLs: []
06/26/2024 04:38:10 PM: INFO: Extracted URLs: []
06/26/2024 04:39:49 PM: INFO: Extracted URLs: []
06/26/2024 04:49:35 PM: INFO: Extracted URLs: []
06/26/2024 11:01:20 PM: INFO: Extracted URLs: ['https://www.classyclix.com/artificial-earrings/', 'https://www.classyclix.com/artificial-necklaces/', 'https://www.classyclix.com/artificial-rings/', 'https://www.classyclix.com/artificial-bracelets/', 'https://www.classyclix.com/artificial-bangles/']
06/27/2024 01:42:44 AM: INFO: Extracted URLs: ['https://www.classyclix.com/artificial-earrings/', 'https://www.classyclix.com/artificial-necklaces/', 'https://www.classyclix.com/artificial-rings/', 'https://www.classyclix.com/artificial-bracelets/', 'https://www.classyclix.com/artificial-bangles/']
